{
"/Applications/MAMP/htdocs/sandbox/hex2rgb/index.js":{"path":"/Applications/MAMP/htdocs/sandbox/hex2rgb/index.js","s":{"1":1,"2":18,"3":1,"4":17,"5":17,"6":17,"7":17,"8":17,"9":17,"10":17,"11":1,"12":17,"13":17,"14":7,"15":7,"16":7,"17":7,"18":7,"19":10,"20":1,"21":17,"22":1},"b":{"1":[1,17],"2":[17,10],"3":[1,16],"4":[2,15],"5":[2,15],"6":[1,16],"7":[7,10],"8":[1,6],"9":[7,6],"10":[1,9]},"f":{"1":18},"fnMap":{"1":{"name":"(anonymous_1)","line":18,"loc":{"start":{"line":18,"column":14},"end":{"line":18,"column":37}}}},"statementMap":{"1":{"start":{"line":18,"column":0},"end":{"line":65,"column":2}},"2":{"start":{"line":22,"column":2},"end":{"line":24,"column":3}},"3":{"start":{"line":23,"column":4},"end":{"line":23,"column":45}},"4":{"start":{"line":26,"column":2},"end":{"line":26,"column":30}},"5":{"start":{"line":28,"column":2},"end":{"line":28,"column":26}},"6":{"start":{"line":29,"column":2},"end":{"line":29,"column":79}},"7":{"start":{"line":30,"column":2},"end":{"line":30,"column":115}},"8":{"start":{"line":31,"column":2},"end":{"line":31,"column":97}},"9":{"start":{"line":33,"column":2},"end":{"line":37,"column":32}},"10":{"start":{"line":40,"column":2},"end":{"line":42,"column":3}},"11":{"start":{"line":41,"column":4},"end":{"line":41,"column":62}},"12":{"start":{"line":45,"column":2},"end":{"line":45,"column":65}},"13":{"start":{"line":47,"column":2},"end":{"line":57,"column":3}},"14":{"start":{"line":48,"column":4},"end":{"line":48,"column":37}},"15":{"start":{"line":49,"column":4},"end":{"line":49,"column":49}},"16":{"start":{"line":50,"column":4},"end":{"line":50,"column":70}},"17":{"start":{"line":52,"column":4},"end":{"line":52,"column":72}},"18":{"start":{"line":53,"column":4},"end":{"line":53,"column":60}},"19":{"start":{"line":55,"column":9},"end":{"line":57,"column":3}},"20":{"start":{"line":56,"column":4},"end":{"line":56,"column":96}},"21":{"start":{"line":59,"column":2},"end":{"line":63,"column":4}},"22":{"start":{"line":67,"column":0},"end":{"line":67,"column":25}}},"branchMap":{"1":{"line":22,"type":"if","locations":[{"start":{"line":22,"column":2},"end":{"line":22,"column":2}},{"start":{"line":22,"column":2},"end":{"line":22,"column":2}}]},"2":{"line":28,"type":"binary-expr","locations":[{"start":{"line":28,"column":12},"end":{"line":28,"column":19}},{"start":{"line":28,"column":23},"end":{"line":28,"column":25}}]},"3":{"line":29,"type":"cond-expr","locations":[{"start":{"line":29,"column":57},"end":{"line":29,"column":70}},{"start":{"line":29,"column":73},"end":{"line":29,"column":78}}]},"4":{"line":30,"type":"cond-expr","locations":[{"start":{"line":30,"column":78},"end":{"line":30,"column":102}},{"start":{"line":30,"column":105},"end":{"line":30,"column":114}}]},"5":{"line":31,"type":"cond-expr","locations":[{"start":{"line":31,"column":66},"end":{"line":31,"column":84}},{"start":{"line":31,"column":87},"end":{"line":31,"column":96}}]},"6":{"line":40,"type":"if","locations":[{"start":{"line":40,"column":2},"end":{"line":40,"column":2}},{"start":{"line":40,"column":2},"end":{"line":40,"column":2}}]},"7":{"line":47,"type":"if","locations":[{"start":{"line":47,"column":2},"end":{"line":47,"column":2}},{"start":{"line":47,"column":2},"end":{"line":47,"column":2}}]},"8":{"line":53,"type":"cond-expr","locations":[{"start":{"line":53,"column":42},"end":{"line":53,"column":49}},{"start":{"line":53,"column":52},"end":{"line":53,"column":59}}]},"9":{"line":53,"type":"binary-expr","locations":[{"start":{"line":53,"column":14},"end":{"line":53,"column":24}},{"start":{"line":53,"column":28},"end":{"line":53,"column":38}}]},"10":{"line":55,"type":"if","locations":[{"start":{"line":55,"column":9},"end":{"line":55,"column":9}},{"start":{"line":55,"column":9},"end":{"line":55,"column":9}}]}},"l":{"18":1,"22":18,"23":1,"26":17,"28":17,"29":17,"30":17,"31":17,"33":17,"40":17,"41":1,"45":17,"47":17,"48":7,"49":7,"50":7,"52":7,"53":7,"55":10,"56":1,"59":17,"67":1}}}
