{
"/Applications/MAMP/htdocs/sandbox/hex2rgb/index.js":{"path":"/Applications/MAMP/htdocs/sandbox/hex2rgb/index.js","s":{"1":1,"2":12,"3":1,"4":11,"5":11,"6":11,"7":11,"8":11,"9":1,"10":11,"11":11,"12":7,"13":7,"14":7,"15":7,"16":7,"17":4,"18":1,"19":11,"20":1},"b":{"1":[1,11],"2":[1,10],"3":[1,10],"4":[1,10],"5":[7,4],"6":[1,6],"7":[7,6],"8":[1,3]},"f":{"1":12},"fnMap":{"1":{"name":"(anonymous_1)","line":19,"loc":{"start":{"line":19,"column":14},"end":{"line":19,"column":37}}}},"statementMap":{"1":{"start":{"line":19,"column":0},"end":{"line":62,"column":2}},"2":{"start":{"line":23,"column":2},"end":{"line":25,"column":3}},"3":{"start":{"line":24,"column":4},"end":{"line":24,"column":45}},"4":{"start":{"line":27,"column":2},"end":{"line":27,"column":30}},"5":{"start":{"line":28,"column":2},"end":{"line":32,"column":21}},"6":{"start":{"line":33,"column":2},"end":{"line":33,"column":60}},"7":{"start":{"line":34,"column":2},"end":{"line":34,"column":74}},"8":{"start":{"line":37,"column":2},"end":{"line":39,"column":3}},"9":{"start":{"line":38,"column":4},"end":{"line":38,"column":62}},"10":{"start":{"line":42,"column":2},"end":{"line":42,"column":65}},"11":{"start":{"line":44,"column":2},"end":{"line":54,"column":3}},"12":{"start":{"line":45,"column":4},"end":{"line":45,"column":37}},"13":{"start":{"line":46,"column":4},"end":{"line":46,"column":49}},"14":{"start":{"line":47,"column":4},"end":{"line":47,"column":70}},"15":{"start":{"line":49,"column":4},"end":{"line":49,"column":72}},"16":{"start":{"line":50,"column":4},"end":{"line":50,"column":60}},"17":{"start":{"line":52,"column":9},"end":{"line":54,"column":3}},"18":{"start":{"line":53,"column":4},"end":{"line":53,"column":96}},"19":{"start":{"line":56,"column":2},"end":{"line":60,"column":4}},"20":{"start":{"line":64,"column":0},"end":{"line":64,"column":25}}},"branchMap":{"1":{"line":23,"type":"if","locations":[{"start":{"line":23,"column":2},"end":{"line":23,"column":2}},{"start":{"line":23,"column":2},"end":{"line":23,"column":2}}]},"2":{"line":33,"type":"cond-expr","locations":[{"start":{"line":33,"column":47},"end":{"line":33,"column":54}},{"start":{"line":33,"column":57},"end":{"line":33,"column":59}}]},"3":{"line":34,"type":"cond-expr","locations":[{"start":{"line":34,"column":52},"end":{"line":34,"column":65}},{"start":{"line":34,"column":68},"end":{"line":34,"column":73}}]},"4":{"line":37,"type":"if","locations":[{"start":{"line":37,"column":2},"end":{"line":37,"column":2}},{"start":{"line":37,"column":2},"end":{"line":37,"column":2}}]},"5":{"line":44,"type":"if","locations":[{"start":{"line":44,"column":2},"end":{"line":44,"column":2}},{"start":{"line":44,"column":2},"end":{"line":44,"column":2}}]},"6":{"line":50,"type":"cond-expr","locations":[{"start":{"line":50,"column":42},"end":{"line":50,"column":49}},{"start":{"line":50,"column":52},"end":{"line":50,"column":59}}]},"7":{"line":50,"type":"binary-expr","locations":[{"start":{"line":50,"column":14},"end":{"line":50,"column":24}},{"start":{"line":50,"column":28},"end":{"line":50,"column":38}}]},"8":{"line":52,"type":"if","locations":[{"start":{"line":52,"column":9},"end":{"line":52,"column":9}},{"start":{"line":52,"column":9},"end":{"line":52,"column":9}}]}},"l":{"19":1,"23":12,"24":1,"27":11,"28":11,"33":11,"34":11,"37":11,"38":1,"42":11,"44":11,"45":7,"46":7,"47":7,"49":7,"50":7,"52":4,"53":1,"56":11,"64":1}}}
