TN:
SF:/Applications/MAMP/htdocs/sandbox/hex2rgb/index.js
FN:19,(anonymous_1)
FNF:1
FNH:1
FNDA:12,(anonymous_1)
DA:19,1
DA:23,12
DA:24,1
DA:27,11
DA:28,11
DA:33,11
DA:34,11
DA:37,11
DA:38,1
DA:42,11
DA:44,11
DA:45,7
DA:46,7
DA:47,7
DA:49,7
DA:50,7
DA:52,4
DA:53,1
DA:56,11
DA:64,1
LF:20
LH:20
BRDA:23,1,0,1
BRDA:23,1,1,11
BRDA:33,2,0,1
BRDA:33,2,1,10
BRDA:34,3,0,1
BRDA:34,3,1,10
BRDA:37,4,0,1
BRDA:37,4,1,10
BRDA:44,5,0,7
BRDA:44,5,1,4
BRDA:50,6,0,1
BRDA:50,6,1,6
BRDA:50,7,0,7
BRDA:50,7,1,6
BRDA:52,8,0,1
BRDA:52,8,1,3
BRF:16
BRH:16
end_of_record
