TN:
SF:/Applications/MAMP/htdocs/sandbox/hex2rgb/index.js
FN:18,(anonymous_1)
FNF:1
FNH:1
FNDA:18,(anonymous_1)
DA:18,1
DA:22,18
DA:23,1
DA:26,17
DA:28,17
DA:29,17
DA:30,17
DA:31,17
DA:33,17
DA:40,17
DA:41,1
DA:45,17
DA:47,17
DA:48,7
DA:49,7
DA:50,7
DA:52,7
DA:53,7
DA:55,10
DA:56,1
DA:59,17
DA:67,1
LF:22
LH:22
BRDA:22,1,0,1
BRDA:22,1,1,17
BRDA:28,2,0,17
BRDA:28,2,1,10
BRDA:29,3,0,1
BRDA:29,3,1,16
BRDA:30,4,0,2
BRDA:30,4,1,15
BRDA:31,5,0,2
BRDA:31,5,1,15
BRDA:40,6,0,1
BRDA:40,6,1,16
BRDA:47,7,0,7
BRDA:47,7,1,10
BRDA:53,8,0,1
BRDA:53,8,1,6
BRDA:53,9,0,7
BRDA:53,9,1,6
BRDA:55,10,0,1
BRDA:55,10,1,9
BRF:20
BRH:20
end_of_record
